{"/Users/ottodpc/Desktop/FAC/ALTERNANCE/projet-test/justify-text-server/src/Controllers/index.ts": {"path":"/Users/ottodpc/Desktop/FAC/ALTERNANCE/projet-test/justify-text-server/src/Controllers/index.ts","statementMap":{"0":{"start":{"line":2,"column":17},"end":{"line":7,"column":1}},"1":{"start":{"line":3,"column":12},"end":{"line":3,"column":28}},"2":{"start":{"line":3,"column":34},"end":{"line":3,"column":125}},"3":{"start":{"line":4,"column":4},"end":{"line":5,"column":150}},"4":{"start":{"line":4,"column":79},"end":{"line":4,"column":131}},"5":{"start":{"line":5,"column":9},"end":{"line":5,"column":150}},"6":{"start":{"line":5,"column":22},"end":{"line":5,"column":43}},"7":{"start":{"line":5,"column":58},"end":{"line":5,"column":150}},"8":{"start":{"line":5,"column":81},"end":{"line":5,"column":150}},"9":{"start":{"line":6,"column":4},"end":{"line":6,"column":66}},"10":{"start":{"line":8,"column":17},"end":{"line":10,"column":1}},"11":{"start":{"line":9,"column":4},"end":{"line":9,"column":109}},"12":{"start":{"line":9,"column":79},"end":{"line":9,"column":109}},"13":{"start":{"line":11,"column":16},"end":{"line":19,"column":1}},"14":{"start":{"line":12,"column":28},"end":{"line":12,"column":110}},"15":{"start":{"line":12,"column":91},"end":{"line":12,"column":106}},"16":{"start":{"line":13,"column":4},"end":{"line":18,"column":7}},"17":{"start":{"line":14,"column":36},"end":{"line":14,"column":97}},"18":{"start":{"line":14,"column":42},"end":{"line":14,"column":70}},"19":{"start":{"line":14,"column":85},"end":{"line":14,"column":95}},"20":{"start":{"line":15,"column":35},"end":{"line":15,"column":100}},"21":{"start":{"line":15,"column":41},"end":{"line":15,"column":73}},"22":{"start":{"line":15,"column":88},"end":{"line":15,"column":98}},"23":{"start":{"line":16,"column":32},"end":{"line":16,"column":116}},"24":{"start":{"line":17,"column":8},"end":{"line":17,"column":78}},"25":{"start":{"line":20,"column":18},"end":{"line":46,"column":1}},"26":{"start":{"line":21,"column":12},"end":{"line":21,"column":104}},"27":{"start":{"line":21,"column":43},"end":{"line":21,"column":68}},"28":{"start":{"line":21,"column":57},"end":{"line":21,"column":68}},"29":{"start":{"line":21,"column":69},"end":{"line":21,"column":81}},"30":{"start":{"line":21,"column":119},"end":{"line":21,"column":196}},"31":{"start":{"line":22,"column":4},"end":{"line":22,"column":160}},"32":{"start":{"line":22,"column":141},"end":{"line":22,"column":153}},"33":{"start":{"line":23,"column":23},"end":{"line":23,"column":68}},"34":{"start":{"line":23,"column":45},"end":{"line":23,"column":65}},"35":{"start":{"line":25,"column":8},"end":{"line":25,"column":70}},"36":{"start":{"line":25,"column":15},"end":{"line":25,"column":70}},"37":{"start":{"line":26,"column":8},"end":{"line":43,"column":66}},"38":{"start":{"line":26,"column":50},"end":{"line":43,"column":66}},"39":{"start":{"line":27,"column":12},"end":{"line":27,"column":169}},"40":{"start":{"line":27,"column":160},"end":{"line":27,"column":169}},"41":{"start":{"line":28,"column":12},"end":{"line":28,"column":52}},"42":{"start":{"line":28,"column":26},"end":{"line":28,"column":52}},"43":{"start":{"line":29,"column":12},"end":{"line":41,"column":13}},"44":{"start":{"line":30,"column":32},"end":{"line":30,"column":39}},"45":{"start":{"line":30,"column":40},"end":{"line":30,"column":46}},"46":{"start":{"line":31,"column":24},"end":{"line":31,"column":34}},"47":{"start":{"line":31,"column":35},"end":{"line":31,"column":72}},"48":{"start":{"line":32,"column":24},"end":{"line":32,"column":34}},"49":{"start":{"line":32,"column":35},"end":{"line":32,"column":45}},"50":{"start":{"line":32,"column":46},"end":{"line":32,"column":55}},"51":{"start":{"line":32,"column":56},"end":{"line":32,"column":65}},"52":{"start":{"line":33,"column":24},"end":{"line":33,"column":41}},"53":{"start":{"line":33,"column":42},"end":{"line":33,"column":55}},"54":{"start":{"line":33,"column":56},"end":{"line":33,"column":65}},"55":{"start":{"line":35,"column":20},"end":{"line":35,"column":128}},"56":{"start":{"line":35,"column":110},"end":{"line":35,"column":116}},"57":{"start":{"line":35,"column":117},"end":{"line":35,"column":126}},"58":{"start":{"line":36,"column":20},"end":{"line":36,"column":106}},"59":{"start":{"line":36,"column":81},"end":{"line":36,"column":97}},"60":{"start":{"line":36,"column":98},"end":{"line":36,"column":104}},"61":{"start":{"line":37,"column":20},"end":{"line":37,"column":89}},"62":{"start":{"line":37,"column":57},"end":{"line":37,"column":72}},"63":{"start":{"line":37,"column":73},"end":{"line":37,"column":80}},"64":{"start":{"line":37,"column":81},"end":{"line":37,"column":87}},"65":{"start":{"line":38,"column":20},"end":{"line":38,"column":87}},"66":{"start":{"line":38,"column":47},"end":{"line":38,"column":62}},"67":{"start":{"line":38,"column":63},"end":{"line":38,"column":78}},"68":{"start":{"line":38,"column":79},"end":{"line":38,"column":85}},"69":{"start":{"line":39,"column":20},"end":{"line":39,"column":42}},"70":{"start":{"line":39,"column":30},"end":{"line":39,"column":42}},"71":{"start":{"line":40,"column":20},"end":{"line":40,"column":33}},"72":{"start":{"line":40,"column":34},"end":{"line":40,"column":43}},"73":{"start":{"line":42,"column":12},"end":{"line":42,"column":39}},"74":{"start":{"line":43,"column":22},"end":{"line":43,"column":34}},"75":{"start":{"line":43,"column":35},"end":{"line":43,"column":41}},"76":{"start":{"line":43,"column":54},"end":{"line":43,"column":64}},"77":{"start":{"line":44,"column":8},"end":{"line":44,"column":35}},"78":{"start":{"line":44,"column":23},"end":{"line":44,"column":35}},"79":{"start":{"line":44,"column":36},"end":{"line":44,"column":89}},"80":{"start":{"line":47,"column":22},"end":{"line":49,"column":1}},"81":{"start":{"line":48,"column":4},"end":{"line":48,"column":62}},"82":{"start":{"line":50,"column":0},"end":{"line":50,"column":62}},"83":{"start":{"line":51,"column":24},"end":{"line":51,"column":64}},"84":{"start":{"line":52,"column":21},"end":{"line":52,"column":61}},"85":{"start":{"line":53,"column":29},"end":{"line":53,"column":74}},"86":{"start":{"line":54,"column":20},"end":{"line":56,"column":1}},"87":{"start":{"line":55,"column":4},"end":{"line":55,"column":180}},"88":{"start":{"line":57,"column":44},"end":{"line":115,"column":3}},"89":{"start":{"line":59,"column":8},"end":{"line":64,"column":9}},"90":{"start":{"line":60,"column":12},"end":{"line":60,"column":70}},"91":{"start":{"line":63,"column":12},"end":{"line":63,"column":53}},"92":{"start":{"line":66,"column":4},"end":{"line":66,"column":54}},"93":{"start":{"line":67,"column":4},"end":{"line":72,"column":6}},"94":{"start":{"line":68,"column":8},"end":{"line":70,"column":9}},"95":{"start":{"line":69,"column":12},"end":{"line":69,"column":79}},"96":{"start":{"line":71,"column":8},"end":{"line":71,"column":49}},"97":{"start":{"line":74,"column":4},"end":{"line":100,"column":6}},"98":{"start":{"line":75,"column":8},"end":{"line":99,"column":11}},"99":{"start":{"line":77,"column":12},"end":{"line":98,"column":15}},"100":{"start":{"line":78,"column":16},"end":{"line":96,"column":17}},"101":{"start":{"line":79,"column":20},"end":{"line":79,"column":43}},"102":{"start":{"line":80,"column":20},"end":{"line":80,"column":50}},"103":{"start":{"line":81,"column":20},"end":{"line":92,"column":21}},"104":{"start":{"line":82,"column":24},"end":{"line":84,"column":92}},"105":{"start":{"line":87,"column":24},"end":{"line":91,"column":32}},"106":{"start":{"line":95,"column":20},"end":{"line":95,"column":84}},"107":{"start":{"line":97,"column":16},"end":{"line":97,"column":38}},"108":{"start":{"line":102,"column":4},"end":{"line":107,"column":63}},"109":{"start":{"line":108,"column":4},"end":{"line":113,"column":31}},"110":{"start":{"line":114,"column":4},"end":{"line":114,"column":34}},"111":{"start":{"line":116,"column":0},"end":{"line":116,"column":41}}},"fnMap":{"0":{"name":"(anonymous_0)","decl":{"start":{"line":2,"column":46},"end":{"line":2,"column":47}},"loc":{"start":{"line":2,"column":87},"end":{"line":7,"column":1}},"line":2},"1":{"name":"(anonymous_1)","decl":{"start":{"line":8,"column":46},"end":{"line":8,"column":47}},"loc":{"start":{"line":8,"column":62},"end":{"line":10,"column":1}},"line":8},"2":{"name":"(anonymous_2)","decl":{"start":{"line":11,"column":44},"end":{"line":11,"column":45}},"loc":{"start":{"line":11,"column":89},"end":{"line":19,"column":1}},"line":11},"3":{"name":"adopt","decl":{"start":{"line":12,"column":13},"end":{"line":12,"column":18}},"loc":{"start":{"line":12,"column":26},"end":{"line":12,"column":112}},"line":12},"4":{"name":"(anonymous_4)","decl":{"start":{"line":12,"column":70},"end":{"line":12,"column":71}},"loc":{"start":{"line":12,"column":89},"end":{"line":12,"column":108}},"line":12},"5":{"name":"(anonymous_5)","decl":{"start":{"line":13,"column":36},"end":{"line":13,"column":37}},"loc":{"start":{"line":13,"column":63},"end":{"line":18,"column":5}},"line":13},"6":{"name":"fulfilled","decl":{"start":{"line":14,"column":17},"end":{"line":14,"column":26}},"loc":{"start":{"line":14,"column":34},"end":{"line":14,"column":99}},"line":14},"7":{"name":"rejected","decl":{"start":{"line":15,"column":17},"end":{"line":15,"column":25}},"loc":{"start":{"line":15,"column":33},"end":{"line":15,"column":102}},"line":15},"8":{"name":"step","decl":{"start":{"line":16,"column":17},"end":{"line":16,"column":21}},"loc":{"start":{"line":16,"column":30},"end":{"line":16,"column":118}},"line":16},"9":{"name":"(anonymous_9)","decl":{"start":{"line":20,"column":48},"end":{"line":20,"column":49}},"loc":{"start":{"line":20,"column":73},"end":{"line":46,"column":1}},"line":20},"10":{"name":"(anonymous_10)","decl":{"start":{"line":21,"column":30},"end":{"line":21,"column":31}},"loc":{"start":{"line":21,"column":41},"end":{"line":21,"column":83}},"line":21},"11":{"name":"(anonymous_11)","decl":{"start":{"line":22,"column":128},"end":{"line":22,"column":129}},"loc":{"start":{"line":22,"column":139},"end":{"line":22,"column":155}},"line":22},"12":{"name":"verb","decl":{"start":{"line":23,"column":13},"end":{"line":23,"column":17}},"loc":{"start":{"line":23,"column":21},"end":{"line":23,"column":70}},"line":23},"13":{"name":"(anonymous_13)","decl":{"start":{"line":23,"column":30},"end":{"line":23,"column":31}},"loc":{"start":{"line":23,"column":43},"end":{"line":23,"column":67}},"line":23},"14":{"name":"step","decl":{"start":{"line":24,"column":13},"end":{"line":24,"column":17}},"loc":{"start":{"line":24,"column":22},"end":{"line":45,"column":5}},"line":24},"15":{"name":"(anonymous_15)","decl":{"start":{"line":47,"column":56},"end":{"line":47,"column":57}},"loc":{"start":{"line":47,"column":71},"end":{"line":49,"column":1}},"line":47},"16":{"name":"(anonymous_16)","decl":{"start":{"line":54,"column":20},"end":{"line":54,"column":21}},"loc":{"start":{"line":54,"column":37},"end":{"line":56,"column":1}},"line":54},"17":{"name":"(anonymous_17)","decl":{"start":{"line":57,"column":44},"end":{"line":57,"column":45}},"loc":{"start":{"line":57,"column":56},"end":{"line":115,"column":1}},"line":57},"18":{"name":"AppplicationController","decl":{"start":{"line":58,"column":13},"end":{"line":58,"column":35}},"loc":{"start":{"line":58,"column":38},"end":{"line":65,"column":5}},"line":58},"19":{"name":"(anonymous_19)","decl":{"start":{"line":67,"column":41},"end":{"line":67,"column":42}},"loc":{"start":{"line":67,"column":53},"end":{"line":72,"column":5}},"line":67},"20":{"name":"(anonymous_20)","decl":{"start":{"line":74,"column":52},"end":{"line":74,"column":53}},"loc":{"start":{"line":74,"column":72},"end":{"line":100,"column":5}},"line":74},"21":{"name":"(anonymous_21)","decl":{"start":{"line":75,"column":47},"end":{"line":75,"column":48}},"loc":{"start":{"line":75,"column":59},"end":{"line":99,"column":9}},"line":75},"22":{"name":"(anonymous_22)","decl":{"start":{"line":77,"column":37},"end":{"line":77,"column":38}},"loc":{"start":{"line":77,"column":51},"end":{"line":98,"column":13}},"line":77}},"branchMap":{"0":{"loc":{"start":{"line":2,"column":17},"end":{"line":7,"column":1}},"type":"binary-expr","locations":[{"start":{"line":2,"column":18},"end":{"line":2,"column":22}},{"start":{"line":2,"column":26},"end":{"line":2,"column":41}},{"start":{"line":2,"column":46},"end":{"line":7,"column":1}}],"line":2},"1":{"loc":{"start":{"line":3,"column":34},"end":{"line":3,"column":125}},"type":"cond-expr","locations":[{"start":{"line":3,"column":42},"end":{"line":3,"column":48}},{"start":{"line":3,"column":51},"end":{"line":3,"column":125}}],"line":3},"2":{"loc":{"start":{"line":3,"column":51},"end":{"line":3,"column":125}},"type":"cond-expr","locations":[{"start":{"line":3,"column":67},"end":{"line":3,"column":118}},{"start":{"line":3,"column":121},"end":{"line":3,"column":125}}],"line":3},"3":{"loc":{"start":{"line":4,"column":4},"end":{"line":5,"column":150}},"type":"if","locations":[{"start":{"line":4,"column":4},"end":{"line":5,"column":150}},{"start":{"line":5,"column":9},"end":{"line":5,"column":150}}],"line":4},"4":{"loc":{"start":{"line":4,"column":8},"end":{"line":4,"column":77}},"type":"binary-expr","locations":[{"start":{"line":4,"column":8},"end":{"line":4,"column":35}},{"start":{"line":4,"column":39},"end":{"line":4,"column":77}}],"line":4},"5":{"loc":{"start":{"line":5,"column":58},"end":{"line":5,"column":150}},"type":"if","locations":[{"start":{"line":5,"column":58},"end":{"line":5,"column":150}},{"start":{},"end":{}}],"line":5},"6":{"loc":{"start":{"line":5,"column":85},"end":{"line":5,"column":149}},"type":"binary-expr","locations":[{"start":{"line":5,"column":86},"end":{"line":5,"column":143}},{"start":{"line":5,"column":148},"end":{"line":5,"column":149}}],"line":5},"7":{"loc":{"start":{"line":5,"column":86},"end":{"line":5,"column":143}},"type":"cond-expr","locations":[{"start":{"line":5,"column":94},"end":{"line":5,"column":98}},{"start":{"line":5,"column":101},"end":{"line":5,"column":143}}],"line":5},"8":{"loc":{"start":{"line":5,"column":101},"end":{"line":5,"column":143}},"type":"cond-expr","locations":[{"start":{"line":5,"column":109},"end":{"line":5,"column":126}},{"start":{"line":5,"column":129},"end":{"line":5,"column":143}}],"line":5},"9":{"loc":{"start":{"line":6,"column":11},"end":{"line":6,"column":62}},"type":"binary-expr","locations":[{"start":{"line":6,"column":11},"end":{"line":6,"column":16}},{"start":{"line":6,"column":20},"end":{"line":6,"column":21}},{"start":{"line":6,"column":25},"end":{"line":6,"column":62}}],"line":6},"10":{"loc":{"start":{"line":8,"column":17},"end":{"line":10,"column":1}},"type":"binary-expr","locations":[{"start":{"line":8,"column":18},"end":{"line":8,"column":22}},{"start":{"line":8,"column":26},"end":{"line":8,"column":41}},{"start":{"line":8,"column":46},"end":{"line":10,"column":1}}],"line":8},"11":{"loc":{"start":{"line":9,"column":4},"end":{"line":9,"column":109}},"type":"if","locations":[{"start":{"line":9,"column":4},"end":{"line":9,"column":109}},{"start":{},"end":{}}],"line":9},"12":{"loc":{"start":{"line":9,"column":8},"end":{"line":9,"column":77}},"type":"binary-expr","locations":[{"start":{"line":9,"column":8},"end":{"line":9,"column":35}},{"start":{"line":9,"column":39},"end":{"line":9,"column":77}}],"line":9},"13":{"loc":{"start":{"line":11,"column":16},"end":{"line":19,"column":1}},"type":"binary-expr","locations":[{"start":{"line":11,"column":17},"end":{"line":11,"column":21}},{"start":{"line":11,"column":25},"end":{"line":11,"column":39}},{"start":{"line":11,"column":44},"end":{"line":19,"column":1}}],"line":11},"14":{"loc":{"start":{"line":12,"column":35},"end":{"line":12,"column":109}},"type":"cond-expr","locations":[{"start":{"line":12,"column":56},"end":{"line":12,"column":61}},{"start":{"line":12,"column":64},"end":{"line":12,"column":109}}],"line":12},"15":{"loc":{"start":{"line":13,"column":16},"end":{"line":13,"column":34}},"type":"binary-expr","locations":[{"start":{"line":13,"column":16},"end":{"line":13,"column":17}},{"start":{"line":13,"column":22},"end":{"line":13,"column":33}}],"line":13},"16":{"loc":{"start":{"line":16,"column":32},"end":{"line":16,"column":115}},"type":"cond-expr","locations":[{"start":{"line":16,"column":46},"end":{"line":16,"column":67}},{"start":{"line":16,"column":70},"end":{"line":16,"column":115}}],"line":16},"17":{"loc":{"start":{"line":17,"column":51},"end":{"line":17,"column":67}},"type":"binary-expr","locations":[{"start":{"line":17,"column":51},"end":{"line":17,"column":61}},{"start":{"line":17,"column":65},"end":{"line":17,"column":67}}],"line":17},"18":{"loc":{"start":{"line":20,"column":18},"end":{"line":46,"column":1}},"type":"binary-expr","locations":[{"start":{"line":20,"column":19},"end":{"line":20,"column":23}},{"start":{"line":20,"column":27},"end":{"line":20,"column":43}},{"start":{"line":20,"column":48},"end":{"line":46,"column":1}}],"line":20},"19":{"loc":{"start":{"line":21,"column":43},"end":{"line":21,"column":68}},"type":"if","locations":[{"start":{"line":21,"column":43},"end":{"line":21,"column":68}},{"start":{},"end":{}}],"line":21},"20":{"loc":{"start":{"line":21,"column":134},"end":{"line":21,"column":184}},"type":"cond-expr","locations":[{"start":{"line":21,"column":167},"end":{"line":21,"column":175}},{"start":{"line":21,"column":178},"end":{"line":21,"column":184}}],"line":21},"21":{"loc":{"start":{"line":22,"column":74},"end":{"line":22,"column":156}},"type":"binary-expr","locations":[{"start":{"line":22,"column":74},"end":{"line":22,"column":102}},{"start":{"line":22,"column":107},"end":{"line":22,"column":155}}],"line":22},"22":{"loc":{"start":{"line":25,"column":8},"end":{"line":25,"column":70}},"type":"if","locations":[{"start":{"line":25,"column":8},"end":{"line":25,"column":70}},{"start":{},"end":{}}],"line":25},"23":{"loc":{"start":{"line":26,"column":15},"end":{"line":26,"column":45}},"type":"binary-expr","locations":[{"start":{"line":26,"column":15},"end":{"line":26,"column":16}},{"start":{"line":26,"column":21},"end":{"line":26,"column":44}}],"line":26},"24":{"loc":{"start":{"line":26,"column":28},"end":{"line":26,"column":44}},"type":"binary-expr","locations":[{"start":{"line":26,"column":28},"end":{"line":26,"column":33}},{"start":{"line":26,"column":38},"end":{"line":26,"column":43}}],"line":26},"25":{"loc":{"start":{"line":27,"column":12},"end":{"line":27,"column":169}},"type":"if","locations":[{"start":{"line":27,"column":12},"end":{"line":27,"column":169}},{"start":{},"end":{}}],"line":27},"26":{"loc":{"start":{"line":27,"column":23},"end":{"line":27,"column":158}},"type":"binary-expr","locations":[{"start":{"line":27,"column":23},"end":{"line":27,"column":24}},{"start":{"line":27,"column":29},"end":{"line":27,"column":125}},{"start":{"line":27,"column":130},"end":{"line":27,"column":158}}],"line":27},"27":{"loc":{"start":{"line":27,"column":33},"end":{"line":27,"column":125}},"type":"cond-expr","locations":[{"start":{"line":27,"column":45},"end":{"line":27,"column":56}},{"start":{"line":27,"column":59},"end":{"line":27,"column":125}}],"line":27},"28":{"loc":{"start":{"line":27,"column":59},"end":{"line":27,"column":125}},"type":"cond-expr","locations":[{"start":{"line":27,"column":67},"end":{"line":27,"column":116}},{"start":{"line":27,"column":119},"end":{"line":27,"column":125}}],"line":27},"29":{"loc":{"start":{"line":27,"column":67},"end":{"line":27,"column":116}},"type":"binary-expr","locations":[{"start":{"line":27,"column":67},"end":{"line":27,"column":77}},{"start":{"line":27,"column":82},"end":{"line":27,"column":115}}],"line":27},"30":{"loc":{"start":{"line":27,"column":82},"end":{"line":27,"column":112}},"type":"binary-expr","locations":[{"start":{"line":27,"column":83},"end":{"line":27,"column":98}},{"start":{"line":27,"column":103},"end":{"line":27,"column":112}}],"line":27},"31":{"loc":{"start":{"line":28,"column":12},"end":{"line":28,"column":52}},"type":"if","locations":[{"start":{"line":28,"column":12},"end":{"line":28,"column":52}},{"start":{},"end":{}}],"line":28},"32":{"loc":{"start":{"line":29,"column":12},"end":{"line":41,"column":13}},"type":"switch","locations":[{"start":{"line":30,"column":16},"end":{"line":30,"column":23}},{"start":{"line":30,"column":24},"end":{"line":30,"column":46}},{"start":{"line":31,"column":16},"end":{"line":31,"column":72}},{"start":{"line":32,"column":16},"end":{"line":32,"column":65}},{"start":{"line":33,"column":16},"end":{"line":33,"column":65}},{"start":{"line":34,"column":16},"end":{"line":40,"column":43}}],"line":29},"33":{"loc":{"start":{"line":35,"column":20},"end":{"line":35,"column":128}},"type":"if","locations":[{"start":{"line":35,"column":20},"end":{"line":35,"column":128}},{"start":{},"end":{}}],"line":35},"34":{"loc":{"start":{"line":35,"column":24},"end":{"line":35,"column":106}},"type":"binary-expr","locations":[{"start":{"line":35,"column":24},"end":{"line":35,"column":74}},{"start":{"line":35,"column":79},"end":{"line":35,"column":90}},{"start":{"line":35,"column":94},"end":{"line":35,"column":105}}],"line":35},"35":{"loc":{"start":{"line":35,"column":42},"end":{"line":35,"column":73}},"type":"binary-expr","locations":[{"start":{"line":35,"column":42},"end":{"line":35,"column":54}},{"start":{"line":35,"column":58},"end":{"line":35,"column":73}}],"line":35},"36":{"loc":{"start":{"line":36,"column":20},"end":{"line":36,"column":106}},"type":"if","locations":[{"start":{"line":36,"column":20},"end":{"line":36,"column":106}},{"start":{},"end":{}}],"line":36},"37":{"loc":{"start":{"line":36,"column":24},"end":{"line":36,"column":77}},"type":"binary-expr","locations":[{"start":{"line":36,"column":24},"end":{"line":36,"column":35}},{"start":{"line":36,"column":40},"end":{"line":36,"column":42}},{"start":{"line":36,"column":47},"end":{"line":36,"column":59}},{"start":{"line":36,"column":63},"end":{"line":36,"column":75}}],"line":36},"38":{"loc":{"start":{"line":37,"column":20},"end":{"line":37,"column":89}},"type":"if","locations":[{"start":{"line":37,"column":20},"end":{"line":37,"column":89}},{"start":{},"end":{}}],"line":37},"39":{"loc":{"start":{"line":37,"column":24},"end":{"line":37,"column":53}},"type":"binary-expr","locations":[{"start":{"line":37,"column":24},"end":{"line":37,"column":35}},{"start":{"line":37,"column":39},"end":{"line":37,"column":53}}],"line":37},"40":{"loc":{"start":{"line":38,"column":20},"end":{"line":38,"column":87}},"type":"if","locations":[{"start":{"line":38,"column":20},"end":{"line":38,"column":87}},{"start":{},"end":{}}],"line":38},"41":{"loc":{"start":{"line":38,"column":24},"end":{"line":38,"column":43}},"type":"binary-expr","locations":[{"start":{"line":38,"column":24},"end":{"line":38,"column":25}},{"start":{"line":38,"column":29},"end":{"line":38,"column":43}}],"line":38},"42":{"loc":{"start":{"line":39,"column":20},"end":{"line":39,"column":42}},"type":"if","locations":[{"start":{"line":39,"column":20},"end":{"line":39,"column":42}},{"start":{},"end":{}}],"line":39},"43":{"loc":{"start":{"line":44,"column":8},"end":{"line":44,"column":35}},"type":"if","locations":[{"start":{"line":44,"column":8},"end":{"line":44,"column":35}},{"start":{},"end":{}}],"line":44},"44":{"loc":{"start":{"line":44,"column":52},"end":{"line":44,"column":74}},"type":"cond-expr","locations":[{"start":{"line":44,"column":60},"end":{"line":44,"column":65}},{"start":{"line":44,"column":68},"end":{"line":44,"column":74}}],"line":44},"45":{"loc":{"start":{"line":47,"column":22},"end":{"line":49,"column":1}},"type":"binary-expr","locations":[{"start":{"line":47,"column":23},"end":{"line":47,"column":27}},{"start":{"line":47,"column":31},"end":{"line":47,"column":51}},{"start":{"line":47,"column":56},"end":{"line":49,"column":1}}],"line":47},"46":{"loc":{"start":{"line":48,"column":11},"end":{"line":48,"column":61}},"type":"cond-expr","locations":[{"start":{"line":48,"column":37},"end":{"line":48,"column":40}},{"start":{"line":48,"column":43},"end":{"line":48,"column":61}}],"line":48},"47":{"loc":{"start":{"line":48,"column":12},"end":{"line":48,"column":33}},"type":"binary-expr","locations":[{"start":{"line":48,"column":12},"end":{"line":48,"column":15}},{"start":{"line":48,"column":19},"end":{"line":48,"column":33}}],"line":48},"48":{"loc":{"start":{"line":59,"column":8},"end":{"line":64,"column":9}},"type":"if","locations":[{"start":{"line":59,"column":8},"end":{"line":64,"column":9}},{"start":{"line":62,"column":13},"end":{"line":64,"column":9}}],"line":59},"49":{"loc":{"start":{"line":68,"column":8},"end":{"line":70,"column":9}},"type":"if","locations":[{"start":{"line":68,"column":8},"end":{"line":70,"column":9}},{"start":{},"end":{}}],"line":68},"50":{"loc":{"start":{"line":81,"column":20},"end":{"line":92,"column":21}},"type":"if","locations":[{"start":{"line":81,"column":20},"end":{"line":92,"column":21}},{"start":{"line":86,"column":25},"end":{"line":92,"column":21}}],"line":81},"51":{"loc":{"start":{"line":81,"column":24},"end":{"line":81,"column":70}},"type":"binary-expr","locations":[{"start":{"line":81,"column":24},"end":{"line":81,"column":30}},{"start":{"line":81,"column":34},"end":{"line":81,"column":59}},{"start":{"line":81,"column":63},"end":{"line":81,"column":70}}],"line":81}},"s":{"0":1,"1":2,"2":2,"3":2,"4":2,"5":0,"6":0,"7":0,"8":0,"9":2,"10":1,"11":4,"12":4,"13":1,"14":0,"15":0,"16":0,"17":0,"18":0,"19":0,"20":0,"21":0,"22":0,"23":0,"24":0,"25":1,"26":0,"27":0,"28":0,"29":0,"30":0,"31":0,"32":0,"33":0,"34":0,"35":0,"36":0,"37":0,"38":0,"39":0,"40":0,"41":0,"42":0,"43":0,"44":0,"45":0,"46":0,"47":0,"48":0,"49":0,"50":0,"51":0,"52":0,"53":0,"54":0,"55":0,"56":0,"57":0,"58":0,"59":0,"60":0,"61":0,"62":0,"63":0,"64":0,"65":0,"66":0,"67":0,"68":0,"69":0,"70":0,"71":0,"72":0,"73":0,"74":0,"75":0,"76":0,"77":0,"78":0,"79":0,"80":1,"81":1,"82":1,"83":1,"84":1,"85":1,"86":1,"87":0,"88":1,"89":1,"90":0,"91":1,"92":1,"93":1,"94":1,"95":1,"96":1,"97":1,"98":0,"99":0,"100":0,"101":0,"102":0,"103":0,"104":0,"105":0,"106":0,"107":0,"108":1,"109":1,"110":1,"111":1},"f":{"0":2,"1":4,"2":0,"3":0,"4":0,"5":0,"6":0,"7":0,"8":0,"9":0,"10":0,"11":0,"12":0,"13":0,"14":0,"15":1,"16":0,"17":1,"18":1,"19":1,"20":0,"21":0,"22":0},"b":{"0":[1,1,1],"1":[1,1],"2":[1,0],"3":[2,0],"4":[2,2],"5":[0,0],"6":[0,0],"7":[0,0],"8":[0,0],"9":[2,1,1],"10":[1,1,1],"11":[4,0],"12":[4,4],"13":[1,1,1],"14":[0,0],"15":[0,0],"16":[0,0],"17":[0,0],"18":[1,1,1],"19":[0,0],"20":[0,0],"21":[0,0],"22":[0,0],"23":[0,0],"24":[0,0],"25":[0,0],"26":[0,0,0],"27":[0,0],"28":[0,0],"29":[0,0],"30":[0,0],"31":[0,0],"32":[0,0,0,0,0,0],"33":[0,0],"34":[0,0,0],"35":[0,0],"36":[0,0],"37":[0,0,0,0],"38":[0,0],"39":[0,0],"40":[0,0],"41":[0,0],"42":[0,0],"43":[0,0],"44":[0,0],"45":[1,1,1],"46":[0,1],"47":[1,1],"48":[0,1],"49":[1,0],"50":[0,0],"51":[0,0,0]},"_coverageSchema":"1a1c01bbd47fc00a2c39e90264f33305004495a9","hash":"96edcc54fc3075dfdaa6e38abdcbe51943f261b4"}
,"/Users/ottodpc/Desktop/FAC/ALTERNANCE/projet-test/justify-text-server/src/Decorators/body-validator.decorator.ts": {"path":"/Users/ottodpc/Desktop/FAC/ALTERNANCE/projet-test/justify-text-server/src/Decorators/body-validator.decorator.ts","statementMap":{"0":{"start":{"line":2,"column":0},"end":{"line":2,"column":62}},"1":{"start":{"line":3,"column":0},"end":{"line":3,"column":50}},"2":{"start":{"line":4,"column":0},"end":{"line":4,"column":40}},"3":{"start":{"line":5,"column":14},"end":{"line":5,"column":44}},"4":{"start":{"line":7,"column":15},"end":{"line":7,"column":17}},"5":{"start":{"line":8,"column":4},"end":{"line":10,"column":5}},"6":{"start":{"line":8,"column":18},"end":{"line":8,"column":19}},"7":{"start":{"line":9,"column":8},"end":{"line":9,"column":33}},"8":{"start":{"line":11,"column":4},"end":{"line":13,"column":6}},"9":{"start":{"line":12,"column":8},"end":{"line":12,"column":82}},"10":{"start":{"line":16,"column":4},"end":{"line":34,"column":6}},"11":{"start":{"line":17,"column":28},"end":{"line":25,"column":9}},"12":{"start":{"line":18,"column":26},"end":{"line":18,"column":28}},"13":{"start":{"line":19,"column":12},"end":{"line":23,"column":15}},"14":{"start":{"line":20,"column":16},"end":{"line":22,"column":17}},"15":{"start":{"line":21,"column":20},"end":{"line":21,"column":78}},"16":{"start":{"line":24,"column":12},"end":{"line":24,"column":27}},"17":{"start":{"line":26,"column":8},"end":{"line":32,"column":9}},"18":{"start":{"line":26,"column":22},"end":{"line":26,"column":23}},"19":{"start":{"line":26,"column":34},"end":{"line":26,"column":38}},"20":{"start":{"line":27,"column":22},"end":{"line":27,"column":32}},"21":{"start":{"line":28,"column":12},"end":{"line":31,"column":13}},"22":{"start":{"line":29,"column":30},"end":{"line":29,"column":49}},"23":{"start":{"line":30,"column":16},"end":{"line":30,"column":53}},"24":{"start":{"line":33,"column":8},"end":{"line":33,"column":15}}},"fnMap":{"0":{"name":"DefineBodyValidator","decl":{"start":{"line":6,"column":9},"end":{"line":6,"column":28}},"loc":{"start":{"line":6,"column":31},"end":{"line":14,"column":1}},"line":6},"1":{"name":"(anonymous_1)","decl":{"start":{"line":11,"column":11},"end":{"line":11,"column":12}},"loc":{"start":{"line":11,"column":40},"end":{"line":13,"column":5}},"line":11},"2":{"name":"BodyValidators","decl":{"start":{"line":15,"column":9},"end":{"line":15,"column":23}},"loc":{"start":{"line":15,"column":30},"end":{"line":35,"column":1}},"line":15},"3":{"name":"(anonymous_3)","decl":{"start":{"line":16,"column":11},"end":{"line":16,"column":12}},"loc":{"start":{"line":16,"column":37},"end":{"line":34,"column":5}},"line":16},"4":{"name":"(anonymous_4)","decl":{"start":{"line":17,"column":28},"end":{"line":17,"column":29}},"loc":{"start":{"line":17,"column":44},"end":{"line":25,"column":9}},"line":17},"5":{"name":"(anonymous_5)","decl":{"start":{"line":19,"column":21},"end":{"line":19,"column":22}},"loc":{"start":{"line":19,"column":36},"end":{"line":23,"column":13}},"line":19}},"branchMap":{"0":{"loc":{"start":{"line":20,"column":16},"end":{"line":22,"column":17}},"type":"if","locations":[{"start":{"line":20,"column":16},"end":{"line":22,"column":17}},{"start":{},"end":{}}],"line":20},"1":{"loc":{"start":{"line":28,"column":12},"end":{"line":31,"column":13}},"type":"if","locations":[{"start":{"line":28,"column":12},"end":{"line":31,"column":13}},{"start":{},"end":{}}],"line":28}},"s":{"0":1,"1":1,"2":1,"3":1,"4":0,"5":0,"6":0,"7":0,"8":0,"9":0,"10":1,"11":0,"12":0,"13":0,"14":0,"15":0,"16":0,"17":0,"18":0,"19":0,"20":0,"21":0,"22":0,"23":0,"24":0},"f":{"0":0,"1":0,"2":1,"3":0,"4":0,"5":0},"b":{"0":[0,0],"1":[0,0]},"_coverageSchema":"1a1c01bbd47fc00a2c39e90264f33305004495a9","hash":"a1044dd4c2355a0e9c21a7eaa30d261e52d3b5f1"}
,"/Users/ottodpc/Desktop/FAC/ALTERNANCE/projet-test/justify-text-server/src/Decorators/controller.decorator.ts": {"path":"/Users/ottodpc/Desktop/FAC/ALTERNANCE/projet-test/justify-text-server/src/Decorators/controller.decorator.ts","statementMap":{"0":{"start":{"line":2,"column":20},"end":{"line":10,"column":1}},"1":{"start":{"line":3,"column":4},"end":{"line":8,"column":5}},"2":{"start":{"line":3,"column":40},"end":{"line":8,"column":5}},"3":{"start":{"line":3,"column":53},"end":{"line":3,"column":54}},"4":{"start":{"line":3,"column":60},"end":{"line":3,"column":71}},"5":{"start":{"line":4,"column":8},"end":{"line":7,"column":9}},"6":{"start":{"line":5,"column":12},"end":{"line":5,"column":65}},"7":{"start":{"line":5,"column":21},"end":{"line":5,"column":65}},"8":{"start":{"line":6,"column":12},"end":{"line":6,"column":28}},"9":{"start":{"line":9,"column":4},"end":{"line":9,"column":61}},"10":{"start":{"line":11,"column":22},"end":{"line":13,"column":1}},"11":{"start":{"line":12,"column":4},"end":{"line":12,"column":62}},"12":{"start":{"line":14,"column":0},"end":{"line":14,"column":62}},"13":{"start":{"line":15,"column":0},"end":{"line":15,"column":32}},"14":{"start":{"line":16,"column":0},"end":{"line":16,"column":28}},"15":{"start":{"line":17,"column":33},"end":{"line":17,"column":70}},"16":{"start":{"line":18,"column":14},"end":{"line":18,"column":59}},"17":{"start":{"line":19,"column":14},"end":{"line":19,"column":44}},"18":{"start":{"line":21,"column":4},"end":{"line":38,"column":6}},"19":{"start":{"line":22,"column":29},"end":{"line":22,"column":58}},"20":{"start":{"line":23,"column":8},"end":{"line":37,"column":9}},"21":{"start":{"line":24,"column":31},"end":{"line":24,"column":52}},"22":{"start":{"line":25,"column":23},"end":{"line":25,"column":92}},"23":{"start":{"line":26,"column":25},"end":{"line":26,"column":96}},"24":{"start":{"line":27,"column":30},"end":{"line":28,"column":18}},"25":{"start":{"line":29,"column":36},"end":{"line":30,"column":18}},"26":{"start":{"line":31,"column":30},"end":{"line":31,"column":95}},"27":{"start":{"line":32,"column":12},"end":{"line":36,"column":13}},"28":{"start":{"line":33,"column":28},"end":{"line":33,"column":64}},"29":{"start":{"line":35,"column":16},"end":{"line":35,"column":156}}},"fnMap":{"0":{"name":"(anonymous_0)","decl":{"start":{"line":2,"column":52},"end":{"line":2,"column":53}},"loc":{"start":{"line":2,"column":78},"end":{"line":10,"column":1}},"line":2},"1":{"name":"(anonymous_1)","decl":{"start":{"line":11,"column":56},"end":{"line":11,"column":57}},"loc":{"start":{"line":11,"column":71},"end":{"line":13,"column":1}},"line":11},"2":{"name":"Controller","decl":{"start":{"line":20,"column":9},"end":{"line":20,"column":19}},"loc":{"start":{"line":20,"column":34},"end":{"line":39,"column":1}},"line":20},"3":{"name":"(anonymous_3)","decl":{"start":{"line":21,"column":11},"end":{"line":21,"column":12}},"loc":{"start":{"line":21,"column":29},"end":{"line":38,"column":5}},"line":21}},"branchMap":{"0":{"loc":{"start":{"line":2,"column":20},"end":{"line":10,"column":1}},"type":"binary-expr","locations":[{"start":{"line":2,"column":21},"end":{"line":2,"column":25}},{"start":{"line":2,"column":29},"end":{"line":2,"column":47}},{"start":{"line":2,"column":52},"end":{"line":10,"column":1}}],"line":2},"1":{"loc":{"start":{"line":3,"column":4},"end":{"line":8,"column":5}},"type":"if","locations":[{"start":{"line":3,"column":4},"end":{"line":8,"column":5}},{"start":{},"end":{}}],"line":3},"2":{"loc":{"start":{"line":3,"column":8},"end":{"line":3,"column":38}},"type":"binary-expr","locations":[{"start":{"line":3,"column":8},"end":{"line":3,"column":12}},{"start":{"line":3,"column":16},"end":{"line":3,"column":38}}],"line":3},"3":{"loc":{"start":{"line":4,"column":8},"end":{"line":7,"column":9}},"type":"if","locations":[{"start":{"line":4,"column":8},"end":{"line":7,"column":9}},{"start":{},"end":{}}],"line":4},"4":{"loc":{"start":{"line":4,"column":12},"end":{"line":4,"column":30}},"type":"binary-expr","locations":[{"start":{"line":4,"column":12},"end":{"line":4,"column":14}},{"start":{"line":4,"column":18},"end":{"line":4,"column":30}}],"line":4},"5":{"loc":{"start":{"line":5,"column":12},"end":{"line":5,"column":65}},"type":"if","locations":[{"start":{"line":5,"column":12},"end":{"line":5,"column":65}},{"start":{},"end":{}}],"line":5},"6":{"loc":{"start":{"line":9,"column":21},"end":{"line":9,"column":59}},"type":"binary-expr","locations":[{"start":{"line":9,"column":21},"end":{"line":9,"column":23}},{"start":{"line":9,"column":27},"end":{"line":9,"column":59}}],"line":9},"7":{"loc":{"start":{"line":11,"column":22},"end":{"line":13,"column":1}},"type":"binary-expr","locations":[{"start":{"line":11,"column":23},"end":{"line":11,"column":27}},{"start":{"line":11,"column":31},"end":{"line":11,"column":51}},{"start":{"line":11,"column":56},"end":{"line":13,"column":1}}],"line":11},"8":{"loc":{"start":{"line":12,"column":11},"end":{"line":12,"column":61}},"type":"cond-expr","locations":[{"start":{"line":12,"column":37},"end":{"line":12,"column":40}},{"start":{"line":12,"column":43},"end":{"line":12,"column":61}}],"line":12},"9":{"loc":{"start":{"line":12,"column":12},"end":{"line":12,"column":33}},"type":"binary-expr","locations":[{"start":{"line":12,"column":12},"end":{"line":12,"column":15}},{"start":{"line":12,"column":19},"end":{"line":12,"column":33}}],"line":12},"10":{"loc":{"start":{"line":27,"column":30},"end":{"line":28,"column":18}},"type":"binary-expr","locations":[{"start":{"line":27,"column":30},"end":{"line":27,"column":105}},{"start":{"line":28,"column":16},"end":{"line":28,"column":18}}],"line":27},"11":{"loc":{"start":{"line":29,"column":36},"end":{"line":30,"column":18}},"type":"binary-expr","locations":[{"start":{"line":29,"column":36},"end":{"line":29,"column":110}},{"start":{"line":30,"column":16},"end":{"line":30,"column":18}}],"line":29},"12":{"loc":{"start":{"line":32,"column":12},"end":{"line":36,"column":13}},"type":"if","locations":[{"start":{"line":32,"column":12},"end":{"line":36,"column":13}},{"start":{},"end":{}}],"line":32}},"s":{"0":1,"1":2,"2":0,"3":0,"4":0,"5":0,"6":0,"7":0,"8":0,"9":2,"10":1,"11":1,"12":1,"13":1,"14":1,"15":1,"16":1,"17":1,"18":1,"19":1,"20":1,"21":1,"22":1,"23":1,"24":1,"25":1,"26":1,"27":1,"28":1,"29":1},"f":{"0":2,"1":1,"2":1,"3":1},"b":{"0":[1,1,1],"1":[0,2],"2":[2,2],"3":[0,0],"4":[0,0],"5":[0,0],"6":[2,2],"7":[1,1,1],"8":[1,0],"9":[1,1],"10":[1,1],"11":[1,1],"12":[1,0]},"_coverageSchema":"1a1c01bbd47fc00a2c39e90264f33305004495a9","hash":"50c486e9bc202cbd8433f32e0508f3d8efcc3082"}
,"/Users/ottodpc/Desktop/FAC/ALTERNANCE/projet-test/justify-text-server/src/Decorators/route.decorator.ts": {"path":"/Users/ottodpc/Desktop/FAC/ALTERNANCE/projet-test/justify-text-server/src/Decorators/route.decorator.ts","statementMap":{"0":{"start":{"line":2,"column":0},"end":{"line":2,"column":62}},"1":{"start":{"line":3,"column":0},"end":{"line":3,"column":83}},"2":{"start":{"line":4,"column":0},"end":{"line":4,"column":28}},"3":{"start":{"line":5,"column":19},"end":{"line":5,"column":43}},"4":{"start":{"line":7,"column":4},"end":{"line":12,"column":6}},"5":{"start":{"line":8,"column":8},"end":{"line":11,"column":10}},"6":{"start":{"line":9,"column":12},"end":{"line":9,"column":86}},"7":{"start":{"line":10,"column":12},"end":{"line":10,"column":90}},"8":{"start":{"line":14,"column":0},"end":{"line":14,"column":57}},"9":{"start":{"line":15,"column":0},"end":{"line":15,"column":57}},"10":{"start":{"line":16,"column":0},"end":{"line":16,"column":59}},"11":{"start":{"line":17,"column":0},"end":{"line":17,"column":63}},"12":{"start":{"line":18,"column":0},"end":{"line":18,"column":61}}},"fnMap":{"0":{"name":"routeFunction","decl":{"start":{"line":6,"column":9},"end":{"line":6,"column":22}},"loc":{"start":{"line":6,"column":31},"end":{"line":13,"column":1}},"line":6},"1":{"name":"(anonymous_1)","decl":{"start":{"line":7,"column":11},"end":{"line":7,"column":12}},"loc":{"start":{"line":7,"column":27},"end":{"line":12,"column":5}},"line":7},"2":{"name":"(anonymous_2)","decl":{"start":{"line":8,"column":15},"end":{"line":8,"column":16}},"loc":{"start":{"line":8,"column":44},"end":{"line":11,"column":9}},"line":8}},"branchMap":{},"s":{"0":1,"1":1,"2":1,"3":1,"4":5,"5":1,"6":1,"7":1,"8":1,"9":1,"10":1,"11":1,"12":1},"f":{"0":5,"1":1,"2":1},"b":{},"_coverageSchema":"1a1c01bbd47fc00a2c39e90264f33305004495a9","hash":"1ab52fcf1b0e7fe3d17838ef47ba894f389733ff"}
,"/Users/ottodpc/Desktop/FAC/ALTERNANCE/projet-test/justify-text-server/src/Interfaces/index.ts": {"path":"/Users/ottodpc/Desktop/FAC/ALTERNANCE/projet-test/justify-text-server/src/Interfaces/index.ts","statementMap":{"0":{"start":{"line":2,"column":0},"end":{"line":2,"column":62}},"1":{"start":{"line":3,"column":0},"end":{"line":3,"column":51}},"2":{"start":{"line":5,"column":0},"end":{"line":11,"column":57}},"3":{"start":{"line":6,"column":4},"end":{"line":6,"column":30}},"4":{"start":{"line":7,"column":4},"end":{"line":7,"column":32}},"5":{"start":{"line":8,"column":4},"end":{"line":8,"column":34}},"6":{"start":{"line":9,"column":4},"end":{"line":9,"column":36}},"7":{"start":{"line":10,"column":4},"end":{"line":10,"column":30}},"8":{"start":{"line":13,"column":0},"end":{"line":18,"column":63}},"9":{"start":{"line":14,"column":4},"end":{"line":14,"column":38}},"10":{"start":{"line":15,"column":4},"end":{"line":15,"column":34}},"11":{"start":{"line":16,"column":4},"end":{"line":16,"column":46}},"12":{"start":{"line":17,"column":4},"end":{"line":17,"column":44}}},"fnMap":{"0":{"name":"(anonymous_0)","decl":{"start":{"line":5,"column":1},"end":{"line":5,"column":2}},"loc":{"start":{"line":5,"column":23},"end":{"line":11,"column":1}},"line":5},"1":{"name":"(anonymous_1)","decl":{"start":{"line":13,"column":1},"end":{"line":13,"column":2}},"loc":{"start":{"line":13,"column":25},"end":{"line":18,"column":1}},"line":13}},"branchMap":{"0":{"loc":{"start":{"line":11,"column":3},"end":{"line":11,"column":55}},"type":"binary-expr","locations":[{"start":{"line":11,"column":3},"end":{"line":11,"column":13}},{"start":{"line":11,"column":18},"end":{"line":11,"column":54}}],"line":11},"1":{"loc":{"start":{"line":18,"column":3},"end":{"line":18,"column":61}},"type":"binary-expr","locations":[{"start":{"line":18,"column":3},"end":{"line":18,"column":15}},{"start":{"line":18,"column":20},"end":{"line":18,"column":60}}],"line":18}},"s":{"0":1,"1":1,"2":1,"3":1,"4":1,"5":1,"6":1,"7":1,"8":1,"9":1,"10":1,"11":1,"12":1},"f":{"0":1,"1":1},"b":{"0":[1,1],"1":[1,1]},"_coverageSchema":"1a1c01bbd47fc00a2c39e90264f33305004495a9","hash":"2b449eb9e0bcf136cff5885db84074df199c7632"}
,"/Users/ottodpc/Desktop/FAC/ALTERNANCE/projet-test/justify-text-server/src/Settings/index.ts": {"path":"/Users/ottodpc/Desktop/FAC/ALTERNANCE/projet-test/justify-text-server/src/Settings/index.ts","statementMap":{"0":{"start":{"line":2,"column":22},"end":{"line":4,"column":1}},"1":{"start":{"line":3,"column":4},"end":{"line":3,"column":62}},"2":{"start":{"line":5,"column":0},"end":{"line":5,"column":62}},"3":{"start":{"line":6,"column":16},"end":{"line":6,"column":51}},"4":{"start":{"line":7,"column":35},"end":{"line":17,"column":3}},"5":{"start":{"line":10,"column":4},"end":{"line":15,"column":6}},"6":{"start":{"line":11,"column":8},"end":{"line":13,"column":9}},"7":{"start":{"line":12,"column":12},"end":{"line":12,"column":64}},"8":{"start":{"line":14,"column":8},"end":{"line":14,"column":38}},"9":{"start":{"line":16,"column":4},"end":{"line":16,"column":25}},"10":{"start":{"line":18,"column":0},"end":{"line":18,"column":32}}},"fnMap":{"0":{"name":"(anonymous_0)","decl":{"start":{"line":2,"column":56},"end":{"line":2,"column":57}},"loc":{"start":{"line":2,"column":71},"end":{"line":4,"column":1}},"line":2},"1":{"name":"(anonymous_1)","decl":{"start":{"line":7,"column":35},"end":{"line":7,"column":36}},"loc":{"start":{"line":7,"column":47},"end":{"line":17,"column":1}},"line":7},"2":{"name":"RouterSetting","decl":{"start":{"line":8,"column":13},"end":{"line":8,"column":26}},"loc":{"start":{"line":8,"column":29},"end":{"line":9,"column":5}},"line":8},"3":{"name":"(anonymous_3)","decl":{"start":{"line":10,"column":32},"end":{"line":10,"column":33}},"loc":{"start":{"line":10,"column":44},"end":{"line":15,"column":5}},"line":10}},"branchMap":{"0":{"loc":{"start":{"line":2,"column":22},"end":{"line":4,"column":1}},"type":"binary-expr","locations":[{"start":{"line":2,"column":23},"end":{"line":2,"column":27}},{"start":{"line":2,"column":31},"end":{"line":2,"column":51}},{"start":{"line":2,"column":56},"end":{"line":4,"column":1}}],"line":2},"1":{"loc":{"start":{"line":3,"column":11},"end":{"line":3,"column":61}},"type":"cond-expr","locations":[{"start":{"line":3,"column":37},"end":{"line":3,"column":40}},{"start":{"line":3,"column":43},"end":{"line":3,"column":61}}],"line":3},"2":{"loc":{"start":{"line":3,"column":12},"end":{"line":3,"column":33}},"type":"binary-expr","locations":[{"start":{"line":3,"column":12},"end":{"line":3,"column":15}},{"start":{"line":3,"column":19},"end":{"line":3,"column":33}}],"line":3},"3":{"loc":{"start":{"line":11,"column":8},"end":{"line":13,"column":9}},"type":"if","locations":[{"start":{"line":11,"column":8},"end":{"line":13,"column":9}},{"start":{},"end":{}}],"line":11}},"s":{"0":1,"1":1,"2":1,"3":1,"4":1,"5":1,"6":1,"7":1,"8":1,"9":1,"10":1},"f":{"0":1,"1":1,"2":0,"3":1},"b":{"0":[1,1,1],"1":[0,1],"2":[1,1],"3":[1,0]},"_coverageSchema":"1a1c01bbd47fc00a2c39e90264f33305004495a9","hash":"526c9fec6c301b95ae6ba0a8b1fcb2ed1a99dc7e"}
}
