TN:
SF:src/Controllers/index.ts
FN:2,(anonymous_0)
FN:8,(anonymous_1)
FN:11,(anonymous_2)
FN:12,adopt
FN:12,(anonymous_4)
FN:13,(anonymous_5)
FN:14,fulfilled
FN:15,rejected
FN:16,step
FN:20,(anonymous_9)
FN:21,(anonymous_10)
FN:22,(anonymous_11)
FN:23,verb
FN:23,(anonymous_13)
FN:24,step
FN:47,(anonymous_15)
FN:54,(anonymous_16)
FN:57,(anonymous_17)
FN:58,AppplicationController
FN:67,(anonymous_19)
FN:74,(anonymous_20)
FN:75,(anonymous_21)
FN:77,(anonymous_22)
FNF:23
FNH:6
FNDA:2,(anonymous_0)
FNDA:4,(anonymous_1)
FNDA:0,(anonymous_2)
FNDA:0,adopt
FNDA:0,(anonymous_4)
FNDA:0,(anonymous_5)
FNDA:0,fulfilled
FNDA:0,rejected
FNDA:0,step
FNDA:0,(anonymous_9)
FNDA:0,(anonymous_10)
FNDA:0,(anonymous_11)
FNDA:0,verb
FNDA:0,(anonymous_13)
FNDA:0,step
FNDA:1,(anonymous_15)
FNDA:0,(anonymous_16)
FNDA:1,(anonymous_17)
FNDA:1,AppplicationController
FNDA:1,(anonymous_19)
FNDA:0,(anonymous_20)
FNDA:0,(anonymous_21)
FNDA:0,(anonymous_22)
DA:2,1
DA:3,2
DA:4,2
DA:5,0
DA:6,2
DA:8,1
DA:9,4
DA:11,1
DA:12,0
DA:13,0
DA:14,0
DA:15,0
DA:16,0
DA:17,0
DA:20,1
DA:21,0
DA:22,0
DA:23,0
DA:25,0
DA:26,0
DA:27,0
DA:28,0
DA:29,0
DA:30,0
DA:31,0
DA:32,0
DA:33,0
DA:35,0
DA:36,0
DA:37,0
DA:38,0
DA:39,0
DA:40,0
DA:42,0
DA:43,0
DA:44,0
DA:47,1
DA:48,1
DA:50,1
DA:51,1
DA:52,1
DA:53,1
DA:54,1
DA:55,0
DA:57,1
DA:59,1
DA:60,0
DA:63,1
DA:66,1
DA:67,1
DA:68,1
DA:69,1
DA:71,1
DA:74,1
DA:75,0
DA:77,0
DA:78,0
DA:79,0
DA:80,0
DA:81,0
DA:82,0
DA:87,0
DA:95,0
DA:97,0
DA:102,1
DA:108,1
DA:114,1
DA:116,1
LF:68
LH:28
BRDA:2,0,0,1
BRDA:2,0,1,1
BRDA:2,0,2,1
BRDA:3,1,0,1
BRDA:3,1,1,1
BRDA:3,2,0,1
BRDA:3,2,1,0
BRDA:4,3,0,2
BRDA:4,3,1,0
BRDA:4,4,0,2
BRDA:4,4,1,2
BRDA:5,5,0,0
BRDA:5,5,1,0
BRDA:5,6,0,0
BRDA:5,6,1,0
BRDA:5,7,0,0
BRDA:5,7,1,0
BRDA:5,8,0,0
BRDA:5,8,1,0
BRDA:6,9,0,2
BRDA:6,9,1,1
BRDA:6,9,2,1
BRDA:8,10,0,1
BRDA:8,10,1,1
BRDA:8,10,2,1
BRDA:9,11,0,4
BRDA:9,11,1,0
BRDA:9,12,0,4
BRDA:9,12,1,4
BRDA:11,13,0,1
BRDA:11,13,1,1
BRDA:11,13,2,1
BRDA:12,14,0,0
BRDA:12,14,1,0
BRDA:13,15,0,0
BRDA:13,15,1,0
BRDA:16,16,0,0
BRDA:16,16,1,0
BRDA:17,17,0,0
BRDA:17,17,1,0
BRDA:20,18,0,1
BRDA:20,18,1,1
BRDA:20,18,2,1
BRDA:21,19,0,0
BRDA:21,19,1,0
BRDA:21,20,0,0
BRDA:21,20,1,0
BRDA:22,21,0,0
BRDA:22,21,1,0
BRDA:25,22,0,0
BRDA:25,22,1,0
BRDA:26,23,0,0
BRDA:26,23,1,0
BRDA:26,24,0,0
BRDA:26,24,1,0
BRDA:27,25,0,0
BRDA:27,25,1,0
BRDA:27,26,0,0
BRDA:27,26,1,0
BRDA:27,26,2,0
BRDA:27,27,0,0
BRDA:27,27,1,0
BRDA:27,28,0,0
BRDA:27,28,1,0
BRDA:27,29,0,0
BRDA:27,29,1,0
BRDA:27,30,0,0
BRDA:27,30,1,0
BRDA:28,31,0,0
BRDA:28,31,1,0
BRDA:29,32,0,0
BRDA:29,32,1,0
BRDA:29,32,2,0
BRDA:29,32,3,0
BRDA:29,32,4,0
BRDA:29,32,5,0
BRDA:35,33,0,0
BRDA:35,33,1,0
BRDA:35,34,0,0
BRDA:35,34,1,0
BRDA:35,34,2,0
BRDA:35,35,0,0
BRDA:35,35,1,0
BRDA:36,36,0,0
BRDA:36,36,1,0
BRDA:36,37,0,0
BRDA:36,37,1,0
BRDA:36,37,2,0
BRDA:36,37,3,0
BRDA:37,38,0,0
BRDA:37,38,1,0
BRDA:37,39,0,0
BRDA:37,39,1,0
BRDA:38,40,0,0
BRDA:38,40,1,0
BRDA:38,41,0,0
BRDA:38,41,1,0
BRDA:39,42,0,0
BRDA:39,42,1,0
BRDA:44,43,0,0
BRDA:44,43,1,0
BRDA:44,44,0,0
BRDA:44,44,1,0
BRDA:47,45,0,1
BRDA:47,45,1,1
BRDA:47,45,2,1
BRDA:48,46,0,0
BRDA:48,46,1,1
BRDA:48,47,0,1
BRDA:48,47,1,1
BRDA:59,48,0,0
BRDA:59,48,1,1
BRDA:68,49,0,1
BRDA:68,49,1,0
BRDA:81,50,0,0
BRDA:81,50,1,0
BRDA:81,51,0,0
BRDA:81,51,1,0
BRDA:81,51,2,0
BRF:119
BRH:32
end_of_record
TN:
SF:src/Decorators/body-validator.decorator.ts
FN:6,DefineBodyValidator
FN:11,(anonymous_1)
FN:15,BodyValidators
FN:16,(anonymous_3)
FN:17,(anonymous_4)
FN:19,(anonymous_5)
FNF:6
FNH:1
FNDA:0,DefineBodyValidator
FNDA:0,(anonymous_1)
FNDA:1,BodyValidators
FNDA:0,(anonymous_3)
FNDA:0,(anonymous_4)
FNDA:0,(anonymous_5)
DA:2,1
DA:3,1
DA:4,1
DA:5,1
DA:7,0
DA:8,0
DA:9,0
DA:11,0
DA:12,0
DA:16,1
DA:17,0
DA:18,0
DA:19,0
DA:20,0
DA:21,0
DA:24,0
DA:26,0
DA:27,0
DA:28,0
DA:29,0
DA:30,0
DA:33,0
LF:22
LH:5
BRDA:20,0,0,0
BRDA:20,0,1,0
BRDA:28,1,0,0
BRDA:28,1,1,0
BRF:4
BRH:0
end_of_record
TN:
SF:src/Decorators/controller.decorator.ts
FN:2,(anonymous_0)
FN:11,(anonymous_1)
FN:20,Controller
FN:21,(anonymous_3)
FNF:4
FNH:4
FNDA:2,(anonymous_0)
FNDA:1,(anonymous_1)
FNDA:1,Controller
FNDA:1,(anonymous_3)
DA:2,1
DA:3,2
DA:4,0
DA:5,0
DA:6,0
DA:9,2
DA:11,1
DA:12,1
DA:14,1
DA:15,1
DA:16,1
DA:17,1
DA:18,1
DA:19,1
DA:21,1
DA:22,1
DA:23,1
DA:24,1
DA:25,1
DA:26,1
DA:27,1
DA:29,1
DA:31,1
DA:32,1
DA:33,1
DA:35,1
LF:26
LH:23
BRDA:2,0,0,1
BRDA:2,0,1,1
BRDA:2,0,2,1
BRDA:3,1,0,0
BRDA:3,1,1,2
BRDA:3,2,0,2
BRDA:3,2,1,2
BRDA:4,3,0,0
BRDA:4,3,1,0
BRDA:4,4,0,0
BRDA:4,4,1,0
BRDA:5,5,0,0
BRDA:5,5,1,0
BRDA:9,6,0,2
BRDA:9,6,1,2
BRDA:11,7,0,1
BRDA:11,7,1,1
BRDA:11,7,2,1
BRDA:12,8,0,1
BRDA:12,8,1,0
BRDA:12,9,0,1
BRDA:12,9,1,1
BRDA:27,10,0,1
BRDA:27,10,1,1
BRDA:29,11,0,1
BRDA:29,11,1,1
BRDA:32,12,0,1
BRDA:32,12,1,0
BRF:28
BRH:19
end_of_record
TN:
SF:src/Decorators/route.decorator.ts
FN:6,routeFunction
FN:7,(anonymous_1)
FN:8,(anonymous_2)
FNF:3
FNH:3
FNDA:5,routeFunction
FNDA:1,(anonymous_1)
FNDA:1,(anonymous_2)
DA:2,1
DA:3,1
DA:4,1
DA:5,1
DA:7,5
DA:8,1
DA:9,1
DA:10,1
DA:14,1
DA:15,1
DA:16,1
DA:17,1
DA:18,1
LF:13
LH:13
BRF:0
BRH:0
end_of_record
TN:
SF:src/Interfaces/index.ts
FN:5,(anonymous_0)
FN:13,(anonymous_1)
FNF:2
FNH:2
FNDA:1,(anonymous_0)
FNDA:1,(anonymous_1)
DA:2,1
DA:3,1
DA:5,1
DA:6,1
DA:7,1
DA:8,1
DA:9,1
DA:10,1
DA:13,1
DA:14,1
DA:15,1
DA:16,1
DA:17,1
LF:13
LH:13
BRDA:11,0,0,1
BRDA:11,0,1,1
BRDA:18,1,0,1
BRDA:18,1,1,1
BRF:4
BRH:4
end_of_record
TN:
SF:src/Settings/index.ts
FN:2,(anonymous_0)
FN:7,(anonymous_1)
FN:8,RouterSetting
FN:10,(anonymous_3)
FNF:4
FNH:3
FNDA:1,(anonymous_0)
FNDA:1,(anonymous_1)
FNDA:0,RouterSetting
FNDA:1,(anonymous_3)
DA:2,1
DA:3,1
DA:5,1
DA:6,1
DA:7,1
DA:10,1
DA:11,1
DA:12,1
DA:14,1
DA:16,1
DA:18,1
LF:11
LH:11
BRDA:2,0,0,1
BRDA:2,0,1,1
BRDA:2,0,2,1
BRDA:3,1,0,0
BRDA:3,1,1,1
BRDA:3,2,0,1
BRDA:3,2,1,1
BRDA:11,3,0,1
BRDA:11,3,1,0
BRF:9
BRH:7
end_of_record
